<?xml version="1.0" encoding="UTF-8"?>
<testng-results skipped="0" failed="0" ignored="0" total="2" passed="2">
  <reporter-output>
  </reporter-output>
  <suite name="Default suite" duration-ms="22523" started-at="2022-07-07T16:10:39Z" finished-at="2022-07-07T16:11:02Z">
    <groups>
    </groups>
    <test name="Default test" duration-ms="22523" started-at="2022-07-07T16:10:39Z" finished-at="2022-07-07T16:11:02Z">
      <class name="org.com.ClassC">
        <test-method status="PASS" signature="test()[pri:0, instance:org.com.ClassC@31dc339b]" name="test" duration-ms="20841" started-at="2022-07-07T16:10:39Z" finished-at="2022-07-07T16:11:00Z">
          <reporter-output>
          </reporter-output>
        </test-method> <!-- test -->
        <test-method status="PASS" signature="test1()[pri:0, instance:org.com.ClassC@31dc339b]" name="test1" duration-ms="1540" started-at="2022-07-07T16:11:00Z" finished-at="2022-07-07T16:11:02Z">
          <reporter-output>
          </reporter-output>
        </test-method> <!-- test1 -->
      </class> <!-- org.com.ClassC -->
    </test> <!-- Default test -->
  </suite> <!-- Default suite -->
</testng-results>
